update.go:85: cannot change mount namespace according to change mount (/var/lib/snapd/hostfs/usr/share/cups/doc-root /usr/share/cups/doc-root none bind,ro 0 0): cannot create directory "/usr/share/cups/doc-root": permission denied
update.go:85: cannot change mount namespace according to change mount (/var/lib/snapd/hostfs/usr/share/gimp/2.0/help /usr/share/gimp/2.0/help none bind,ro 0 0): cannot create directory "/usr/share/gimp/2.0": permission denied
update.go:85: cannot change mount namespace according to change mount (/var/lib/snapd/hostfs/usr/share/libreoffice/help /usr/share/libreoffice/help none bind,ro 0 0): cannot create directory "/usr/share/libreoffice/help": permission denied
update.go:85: cannot change mount namespace according to change mount (/var/lib/snapd/hostfs/usr/share/xubuntu-docs /usr/share/xubuntu-docs none bind,ro 0 0): cannot open directory "/var/lib": permission denied
1670256163077	geckodriver	INFO	Listening on 127.0.0.1:38715
1670256163586	mozrunner::runner	INFO	Running command: "/snap/firefox/current/firefox.launcher" "--marionette" "--remote-debugging-port" "52077" "--remote-allow-hosts" "localhost" "-no-remote" "-profile" "/tmp/rust_mozprofilewyZra0"
Gtk-Message: 17:02:43.618: Failed to load module "xapp-gtk3-module"
Gtk-Message: 17:02:43.623: Not loading module "atk-bridge": The functionality is provided by GTK natively. Please try to not load it.
Gtk-Message: 17:02:44.345: Failed to load module "window-decorations-gtk-module"
Gtk-Message: 17:02:44.345: Failed to load module "colorreload-gtk-module"
1670256164843	Marionette	INFO	Marionette enabled
1670256164847	Marionette	INFO	Listening on port 44507
Read port: 44507
WebDriver BiDi listening on ws://127.0.0.1:52077
1670256165012	RemoteAgent	WARN	TLS certificate errors will be ignored for this session
console.warn: SearchSettings: "get: No settings file exists, new profile?" (new NotFoundError("Could not open the file at /tmp/rust_mozprofilewyZra0/search.json.mozlz4", (void 0)))
DevTools listening on ws://127.0.0.1:52077/devtools/browser/3ea3238d-add5-4bfc-ba81-ca687fedd59d
console.warn: LoginRecipes: "Falling back to a synchronous message for: https://mrmicrot.imsi.athenarc.gr."
Exiting due to channel error.
Exiting due to channel error.
Exiting due to channel error.
1670256370211	geckodriver	INFO	Listening on 127.0.0.1:49877
1670256370681	mozrunner::runner	INFO	Running command: "/snap/firefox/current/firefox.launcher" "--marionette" "--remote-debugging-port" "54851" "--remote-allow-hosts" "localhost" "-no-remote" "-profile" "/tmp/rust_mozprofileHG1bOr"
Gtk-Message: 17:06:10.696: Failed to load module "xapp-gtk3-module"
Gtk-Message: 17:06:10.696: Not loading module "atk-bridge": The functionality is provided by GTK natively. Please try to not load it.
Gtk-Message: 17:06:10.857: Failed to load module "window-decorations-gtk-module"
Gtk-Message: 17:06:10.857: Failed to load module "colorreload-gtk-module"
1670256371144	Marionette	INFO	Marionette enabled
1670256371147	Marionette	INFO	Listening on port 38763
Read port: 38763
WebDriver BiDi listening on ws://127.0.0.1:54851
1670256371209	RemoteAgent	WARN	TLS certificate errors will be ignored for this session
console.warn: SearchSettings: "get: No settings file exists, new profile?" (new NotFoundError("Could not open the file at /tmp/rust_mozprofileHG1bOr/search.json.mozlz4", (void 0)))
DevTools listening on ws://127.0.0.1:54851/devtools/browser/685d890e-8c5c-47bc-a967-05df865ba26c
console.warn: LoginRecipes: "Falling back to a synchronous message for: https://mrmicrot.imsi.athenarc.gr."
console.warn: LoginRecipes: "Falling back to a synchronous message for: https://mrmicrot.imsi.athenarc.gr."
JavaScript error: resource:///modules/TabsList.jsm, line 527: TypeError: this.dropIndicator is null
Exiting due to channel error.
Exiting due to channel error.
Exiting due to channel error.
1670257877994	geckodriver	INFO	Listening on 127.0.0.1:34017
1670257878474	mozrunner::runner	INFO	Running command: "/snap/firefox/current/firefox.launcher" "--marionette" "--remote-debugging-port" "38431" "--remote-allow-hosts" "localhost" "-no-remote" "-profile" "/tmp/rust_mozprofilej35iKs"
Gtk-Message: 17:31:18.489: Failed to load module "xapp-gtk3-module"
Gtk-Message: 17:31:18.489: Not loading module "atk-bridge": The functionality is provided by GTK natively. Please try to not load it.
Gtk-Message: 17:31:18.651: Failed to load module "window-decorations-gtk-module"
Gtk-Message: 17:31:18.651: Failed to load module "colorreload-gtk-module"
1670257878980	Marionette	INFO	Marionette enabled
1670257878983	Marionette	INFO	Listening on port 42741
WebDriver BiDi listening on ws://127.0.0.1:38431
Read port: 42741
1670257879409	RemoteAgent	WARN	TLS certificate errors will be ignored for this session
console.warn: SearchSettings: "get: No settings file exists, new profile?" (new NotFoundError("Could not open the file at /tmp/rust_mozprofilej35iKs/search.json.mozlz4", (void 0)))
DevTools listening on ws://127.0.0.1:38431/devtools/browser/f17cabdb-a1fa-4bb3-b55e-f5fb019be07e
console.warn: LoginRecipes: "Falling back to a synchronous message for: https://mrmicrot.imsi.athenarc.gr."
Exiting due to channel error.
Exiting due to channel error.
Exiting due to channel error.
1670258018940	geckodriver	INFO	Listening on 127.0.0.1:50213
1670258019454	mozrunner::runner	INFO	Running command: "/snap/firefox/current/firefox.launcher" "--marionette" "--remote-debugging-port" "42251" "--remote-allow-hosts" "localhost" "-no-remote" "-profile" "/tmp/rust_mozprofileY3aN6U"
Gtk-Message: 17:33:39.468: Failed to load module "xapp-gtk3-module"
Gtk-Message: 17:33:39.468: Not loading module "atk-bridge": The functionality is provided by GTK natively. Please try to not load it.
Gtk-Message: 17:33:39.629: Failed to load module "window-decorations-gtk-module"
Gtk-Message: 17:33:39.630: Failed to load module "colorreload-gtk-module"
1670258019916	Marionette	INFO	Marionette enabled
1670258019918	Marionette	INFO	Listening on port 39525
Read port: 39525
WebDriver BiDi listening on ws://127.0.0.1:42251
1670258019981	RemoteAgent	WARN	TLS certificate errors will be ignored for this session
console.warn: SearchSettings: "get: No settings file exists, new profile?" (new NotFoundError("Could not open the file at /tmp/rust_mozprofileY3aN6U/search.json.mozlz4", (void 0)))
DevTools listening on ws://127.0.0.1:42251/devtools/browser/d25f97f6-04bd-47c5-9827-dbfbcbfc529f
console.warn: LoginRecipes: "Falling back to a synchronous message for: https://mrmicrot.imsi.athenarc.gr."
Exiting due to channel error.
Exiting due to channel error.
Exiting due to channel error.
1670259001785	geckodriver	INFO	Listening on 127.0.0.1:33221
1670259002269	mozrunner::runner	INFO	Running command: "/snap/firefox/current/firefox.launcher" "--marionette" "--remote-debugging-port" "51693" "--remote-allow-hosts" "localhost" "-no-remote" "-profile" "/tmp/rust_mozprofilekeBeTV"
Gtk-Message: 17:50:02.285: Failed to load module "xapp-gtk3-module"
Gtk-Message: 17:50:02.285: Not loading module "atk-bridge": The functionality is provided by GTK natively. Please try to not load it.
Gtk-Message: 17:50:02.465: Failed to load module "window-decorations-gtk-module"
Gtk-Message: 17:50:02.465: Failed to load module "colorreload-gtk-module"
1670259002750	Marionette	INFO	Marionette enabled
1670259002752	Marionette	INFO	Listening on port 42575
Read port: 42575
WebDriver BiDi listening on ws://127.0.0.1:51693
1670259002816	RemoteAgent	WARN	TLS certificate errors will be ignored for this session
console.warn: SearchSettings: "get: No settings file exists, new profile?" (new NotFoundError("Could not open the file at /tmp/rust_mozprofilekeBeTV/search.json.mozlz4", (void 0)))
DevTools listening on ws://127.0.0.1:51693/devtools/browser/bc4ee6bf-d646-4909-b3cf-c5ca38196006
console.warn: LoginRecipes: "Falling back to a synchronous message for: https://mrmicrot.imsi.athenarc.gr."
Exiting due to channel error.
Exiting due to channel error.
Exiting due to channel error.
1670317699303	geckodriver	INFO	Listening on 127.0.0.1:59007
1670317699598	mozrunner::runner	INFO	Running command: "/snap/firefox/current/firefox.launcher" "--marionette" "--remote-debugging-port" "39441" "--remote-allow-hosts" "localhost" "-no-remote" "-profile" "/tmp/rust_mozprofileZnIjMe"
Gtk-Message: 10:08:19.613: Failed to load module "xapp-gtk3-module"
Gtk-Message: 10:08:19.613: Not loading module "atk-bridge": The functionality is provided by GTK natively. Please try to not load it.
Gtk-Message: 10:08:19.773: Failed to load module "window-decorations-gtk-module"
Gtk-Message: 10:08:19.773: Failed to load module "colorreload-gtk-module"
1670317700065	Marionette	INFO	Marionette enabled
1670317700067	Marionette	INFO	Listening on port 39217
Read port: 39217
WebDriver BiDi listening on ws://127.0.0.1:39441
1670317700130	RemoteAgent	WARN	TLS certificate errors will be ignored for this session
console.warn: SearchSettings: "get: No settings file exists, new profile?" (new NotFoundError("Could not open the file at /tmp/rust_mozprofileZnIjMe/search.json.mozlz4", (void 0)))
DevTools listening on ws://127.0.0.1:39441/devtools/browser/97ea29ad-8248-43c7-a777-cf50aad77088
console.warn: LoginRecipes: "Falling back to a synchronous message for: https://mrmicrot.imsi.athenarc.gr."
1670320669996	Marionette	INFO	Stopped listening on port 39217
console.warn: TopSitesFeed: Failed to fetch data from Contile server: NetworkError when attempting to fetch resource.
Sandbox: Unexpected EOF, op 0 flags 00 path /proc/cpuinfo
1670320674120	geckodriver	INFO	Listening on 127.0.0.1:41301
1670320674594	mozrunner::runner	INFO	Running command: "/snap/firefox/current/firefox.launcher" "--marionette" "--remote-debugging-port" "53321" "--remote-allow-hosts" "localhost" "-no-remote" "-profile" "/tmp/rust_mozprofileiiZsCE"
Gtk-Message: 10:57:54.609: Failed to load module "xapp-gtk3-module"
Gtk-Message: 10:57:54.609: Not loading module "atk-bridge": The functionality is provided by GTK natively. Please try to not load it.
Gtk-Message: 10:57:54.772: Failed to load module "window-decorations-gtk-module"
Gtk-Message: 10:57:54.772: Failed to load module "colorreload-gtk-module"
1670320675064	Marionette	INFO	Marionette enabled
1670320675067	Marionette	INFO	Listening on port 41133
Read port: 41133
WebDriver BiDi listening on ws://127.0.0.1:53321
1670320675129	RemoteAgent	WARN	TLS certificate errors will be ignored for this session
console.warn: SearchSettings: "get: No settings file exists, new profile?" (new NotFoundError("Could not open the file at /tmp/rust_mozprofileiiZsCE/search.json.mozlz4", (void 0)))
DevTools listening on ws://127.0.0.1:53321/devtools/browser/cb36ee35-4a70-43b9-af78-b349dce3dc87
console.warn: LoginRecipes: "Falling back to a synchronous message for: https://mrmicrot.imsi.athenarc.gr."
Exiting due to channel error.
Exiting due to channel error.
Exiting due to channel error.
1670326117688	geckodriver	INFO	Listening on 127.0.0.1:38765
1670326118195	mozrunner::runner	INFO	Running command: "/snap/firefox/current/firefox.launcher" "--marionette" "--remote-debugging-port" "39333" "--remote-allow-hosts" "localhost" "-no-remote" "-profile" "/tmp/rust_mozprofilepLMPiN"
Gtk-Message: 12:28:38.214: Failed to load module "xapp-gtk3-module"
Gtk-Message: 12:28:38.214: Not loading module "atk-bridge": The functionality is provided by GTK natively. Please try to not load it.
Gtk-Message: 12:28:38.386: Failed to load module "window-decorations-gtk-module"
Gtk-Message: 12:28:38.386: Failed to load module "colorreload-gtk-module"
1670326118674	Marionette	INFO	Marionette enabled
1670326118677	Marionette	INFO	Listening on port 42055
Read port: 42055
WebDriver BiDi listening on ws://127.0.0.1:39333
1670326118739	RemoteAgent	WARN	TLS certificate errors will be ignored for this session
console.warn: SearchSettings: "get: No settings file exists, new profile?" (new NotFoundError("Could not open the file at /tmp/rust_mozprofilepLMPiN/search.json.mozlz4", (void 0)))
DevTools listening on ws://127.0.0.1:39333/devtools/browser/2a6e9413-db95-4f96-8320-485c426ed3e3
console.warn: LoginRecipes: "Falling back to a synchronous message for: https://mrmicrot.imsi.athenarc.gr."
Exiting due to channel error.
Exiting due to channel error.
Exiting due to channel error.
1670326277696	geckodriver	INFO	Listening on 127.0.0.1:47681
1670326278182	mozrunner::runner	INFO	Running command: "/snap/firefox/current/firefox.launcher" "--marionette" "--remote-debugging-port" "38599" "--remote-allow-hosts" "localhost" "-no-remote" "-profile" "/tmp/rust_mozprofileTVkfVk"
Gtk-Message: 12:31:18.197: Failed to load module "xapp-gtk3-module"
Gtk-Message: 12:31:18.197: Not loading module "atk-bridge": The functionality is provided by GTK natively. Please try to not load it.
Gtk-Message: 12:31:18.371: Failed to load module "window-decorations-gtk-module"
Gtk-Message: 12:31:18.371: Failed to load module "colorreload-gtk-module"
1670326278660	Marionette	INFO	Marionette enabled
1670326278662	Marionette	INFO	Listening on port 35501
Read port: 35501
WebDriver BiDi listening on ws://127.0.0.1:38599
1670326278725	RemoteAgent	WARN	TLS certificate errors will be ignored for this session
console.warn: SearchSettings: "get: No settings file exists, new profile?" (new NotFoundError("Could not open the file at /tmp/rust_mozprofileTVkfVk/search.json.mozlz4", (void 0)))
DevTools listening on ws://127.0.0.1:38599/devtools/browser/ac9aeffa-5da8-413c-852a-6953688ec52d
console.warn: LoginRecipes: "Falling back to a synchronous message for: https://mrmicrot.imsi.athenarc.gr."
Exiting due to channel error.
Exiting due to channel error.
Exiting due to channel error.
